2021-08-02 12:04:06 INFO  Log:11 - =====================================loginTest TEST START=========================================
2021-08-02 12:04:06 INFO  Log:22 - User is going to Click on Sign In
2021-08-02 12:04:18 INFO  Log:22 - Enter Username and password
2021-08-02 12:04:34 INFO  Log:22 - User is verifying if able to login
2021-08-02 12:04:34 INFO  Log:22 - Login is Success
2021-08-02 22:51:15 INFO  Log:11 - =====================================loginTest TEST START=========================================
2021-08-02 22:51:15 INFO  Log:22 - User is going to Click on Sign In
2021-08-02 22:51:30 INFO  Log:22 - Enter Username and password
2021-08-02 22:51:31 INFO  Log:22 - User is verifying if able to login
2021-08-02 22:53:16 INFO  Log:11 - =====================================loginTest TEST START=========================================
2021-08-02 22:53:16 INFO  Log:22 - User is going to Click on Sign In
2021-08-02 22:53:31 INFO  Log:22 - Enter Username and password
2021-08-02 22:53:46 INFO  Log:22 - User is verifying if able to login
2021-08-02 22:53:46 INFO  Log:22 - Login is Success
2021-08-02 22:53:46 INFO  Log:15 - =====================================loginTest TEST END=========================================
2021-08-02 22:58:44 INFO  Log:11 - =====================================loginTest TEST START=========================================
2021-08-02 22:58:44 INFO  Log:22 - User is going to Click on Sign In
2021-08-02 22:58:57 INFO  Log:22 - Enter Username and password
2021-08-02 22:59:11 INFO  Log:22 - User is verifying if able to login
2021-08-02 22:59:11 INFO  Log:22 - Login is Success
2021-08-02 22:59:11 INFO  Log:15 - =====================================loginTest TEST END=========================================
2021-08-02 23:03:19 INFO  Log:11 - =====================================loginTest TEST START=========================================
2021-08-02 23:03:19 INFO  Log:22 - User is going to Click on Sign In
2021-08-02 23:03:25 INFO  Log:22 - Enter Username and password
2021-08-02 23:03:56 INFO  Log:11 - =====================================loginTest TEST START=========================================
2021-08-02 23:03:57 INFO  Log:22 - User is going to Click on Sign In
2021-08-02 23:04:10 INFO  Log:22 - Enter Username and password
2021-08-02 23:04:24 INFO  Log:22 - User is verifying if able to login
2021-08-02 23:04:24 INFO  Log:22 - Login is Success
2021-08-02 23:04:24 INFO  Log:15 - =====================================loginTest TEST END=========================================
2021-08-02 23:07:07 INFO  Log:11 - =====================================loginTest TEST START=========================================
2021-08-02 23:07:07 INFO  Log:22 - User is going to Click on Sign In
2021-08-02 23:07:20 INFO  Log:22 - Enter Username and password
2021-08-02 23:07:28 INFO  Log:22 - User is verifying if able to login
2021-08-02 23:15:46 INFO  Log:11 - =====================================loginTest TEST START=========================================
2021-08-02 23:15:46 INFO  Log:22 - User is going to Click on Sign In
2021-08-02 23:16:00 INFO  Log:22 - Enter Username and password
2021-08-02 23:16:14 INFO  Log:22 - User is verifying if able to login
2021-08-02 23:16:14 INFO  Log:22 - Login is Success
2021-08-02 23:16:14 INFO  Log:15 - =====================================loginTest TEST END=========================================
2021-08-02 23:18:52 INFO  Log:11 - =====================================loginTest TEST START=========================================
2021-08-02 23:18:52 INFO  Log:22 - User is going to Click on Sign In
2021-08-02 23:19:05 INFO  Log:22 - Enter Username and password
2021-08-02 23:19:13 INFO  Log:22 - User is verifying if able to login
2021-08-02 23:28:19 INFO  Log:11 - =====================================loginTest TEST START=========================================
2021-08-02 23:28:19 INFO  Log:22 - User is going to Click on Sign In
2021-08-02 23:28:20 INFO  Log:22 - Enter Username and password
2021-08-02 23:28:49 INFO  Log:11 - =====================================loginTest TEST START=========================================
2021-08-02 23:28:49 INFO  Log:22 - User is going to Click on Sign In
2021-08-02 23:28:49 INFO  Log:22 - Enter Username and password
2021-08-02 23:29:19 INFO  Log:11 - =====================================loginTest TEST START=========================================
2021-08-02 23:29:19 INFO  Log:22 - User is going to Click on Sign In
2021-08-02 23:29:33 INFO  Log:22 - Enter Username and password
2021-08-02 23:29:40 INFO  Log:22 - User is verifying if able to login
2021-08-02 23:29:40 INFO  Log:22 - Login is Success
2021-08-02 23:29:40 INFO  Log:15 - =====================================loginTest TEST END=========================================
2021-08-02 23:38:26 INFO  Log:11 - =====================================loginTest TEST START=========================================
2021-08-02 23:38:26 INFO  Log:22 - User is going to Click on Sign In
2021-08-02 23:38:37 INFO  Log:22 - Enter Username and password
2021-08-02 23:38:44 INFO  Log:22 - User is verifying if able to login
2021-08-02 23:39:03 INFO  Log:11 - =====================================loginTest TEST START=========================================
2021-08-02 23:39:03 INFO  Log:22 - User is going to Click on Sign In
2021-08-02 23:39:15 INFO  Log:22 - Enter Username and password
2021-08-02 23:39:23 INFO  Log:22 - User is verifying if able to login
2021-08-02 23:39:41 INFO  Log:11 - =====================================loginTest TEST START=========================================
2021-08-02 23:39:41 INFO  Log:22 - User is going to Click on Sign In
2021-08-02 23:39:42 INFO  Log:22 - Enter Username and password
2021-08-03 10:09:21 INFO  Log:11 - =====================================loginTest TEST START=========================================
2021-08-03 10:09:21 INFO  Log:22 - User is going to Click on Sign In
2021-08-03 10:09:23 INFO  Log:22 - Enter Username and password
2021-08-03 10:09:25 INFO  Log:22 - User is verifying if able to login
2021-08-03 10:09:25 INFO  Log:22 - Login is Success
2021-08-03 10:09:25 INFO  Log:15 - =====================================loginTest TEST END=========================================
2021-08-03 10:09:35 INFO  Log:11 - =====================================loginTest TEST START=========================================
2021-08-03 10:09:35 INFO  Log:22 - User is going to Click on Sign In
2021-08-03 10:09:38 INFO  Log:22 - Enter Username and password
2021-08-03 10:09:41 INFO  Log:22 - User is verifying if able to login
2021-08-03 14:20:10 INFO  Log:11 - =====================================createAccountTest TEST START=========================================
2021-08-03 14:20:38 INFO  Log:11 - =====================================createAccountTest TEST START=========================================
2021-08-03 14:20:41 INFO  Log:11 - =====================================createAccountTest TEST START=========================================
2021-08-03 14:21:13 INFO  Log:11 - =====================================createAccountTest TEST START=========================================
2021-08-03 14:21:44 INFO  Log:11 - =====================================createAccountTest TEST START=========================================
2021-08-03 14:22:13 INFO  Log:11 - =====================================createAccountTest TEST START=========================================
2021-08-04 12:10:15 INFO  Log:11 - =====================================createAccountTest TEST START=========================================
2021-08-04 12:10:40 INFO  Log:11 - =====================================createAccountTest TEST START=========================================
2021-08-04 12:11:07 INFO  Log:11 - =====================================createAccountTest TEST START=========================================
2021-08-04 12:39:45 INFO  Log:11 - =====================================loginTest TEST START=========================================
2021-08-04 12:39:45 INFO  Log:22 - User is going to Click on Sign In
2021-08-04 12:39:48 INFO  Log:22 - Enter Username and password
2021-08-04 12:39:50 INFO  Log:22 - User is verifying if able to login
2021-08-04 12:39:50 INFO  Log:22 - Login is Success
2021-08-04 12:39:50 INFO  Log:15 - =====================================loginTest TEST END=========================================
2021-08-04 12:40:01 INFO  Log:11 - =====================================loginTest TEST START=========================================
2021-08-04 12:40:01 INFO  Log:22 - User is going to Click on Sign In
2021-08-04 12:40:04 INFO  Log:22 - Enter Username and password
2021-08-04 12:40:07 INFO  Log:22 - User is verifying if able to login
2021-08-04 12:41:16 INFO  Log:11 - =====================================createAccountTest TEST START=========================================
2021-08-04 12:41:44 INFO  Log:11 - =====================================createAccountTest TEST START=========================================
2021-08-04 12:42:08 INFO  Log:11 - =====================================createAccountTest TEST START=========================================
2021-08-04 16:46:46 INFO  Log:11 - =====================================verifyTotalprice TEST START=========================================
2021-08-04 16:47:25 INFO  Log:15 - =====================================verifyTotalprice TEST END=========================================
2021-08-04 16:47:43 INFO  Log:11 - =====================================verifyTotalprice TEST START=========================================
2021-08-04 16:49:17 INFO  Log:11 - =====================================loginTest TEST START=========================================
2021-08-04 16:49:17 INFO  Log:22 - User is going to Click on Sign In
2021-08-04 16:49:29 INFO  Log:22 - Enter Username and password
2021-08-04 16:49:42 INFO  Log:22 - User is verifying if able to login
2021-08-04 16:49:42 INFO  Log:22 - Login is Success
2021-08-04 16:49:42 INFO  Log:15 - =====================================loginTest TEST END=========================================
2021-08-04 16:50:03 INFO  Log:11 - =====================================loginTest TEST START=========================================
2021-08-04 16:50:03 INFO  Log:22 - User is going to Click on Sign In
2021-08-04 16:50:13 INFO  Log:22 - Enter Username and password
2021-08-04 16:50:19 INFO  Log:22 - User is verifying if able to login
2021-08-04 16:52:03 INFO  Log:11 - =====================================createAccountTest TEST START=========================================
2021-08-04 16:52:41 INFO  Log:11 - =====================================createAccountTest TEST START=========================================
2021-08-04 17:02:54 INFO  Log:11 - =====================================loginTest TEST START=========================================
2021-08-04 17:02:54 INFO  Log:22 - User is going to Click on Sign In
2021-08-04 17:03:04 INFO  Log:22 - Enter Username and password
2021-08-04 17:03:16 INFO  Log:22 - User is verifying if able to login
2021-08-04 17:03:16 INFO  Log:22 - Login is Success
2021-08-04 17:03:16 INFO  Log:15 - =====================================loginTest TEST END=========================================
2021-08-04 17:03:32 INFO  Log:11 - =====================================loginTest TEST START=========================================
2021-08-04 17:03:32 INFO  Log:22 - User is going to Click on Sign In
2021-08-04 17:03:44 INFO  Log:22 - Enter Username and password
2021-08-04 17:03:52 INFO  Log:22 - User is verifying if able to login
2021-08-04 17:05:15 DEBUG cache:45 - Couldn't find template in cache for "v3html/v3-html-index.ftl"("en", UTF-8, parsed); will try to load it.
2021-08-04 17:05:15 DEBUG cache:45 - TemplateLoader.findTemplateSource("v3html/v3-html-index_en.ftl"): Not found
2021-08-04 17:05:15 DEBUG cache:45 - TemplateLoader.findTemplateSource("v3html/v3-html-index.ftl"): Found
2021-08-04 17:05:15 DEBUG cache:45 - Loading template for "v3html/v3-html-index.ftl"("en", UTF-8, parsed) from "jar:file:/C:/Users/prasa/.m2/repository/com/aventstack/extentreports/4.0.9/extentreports-4.0.9.jar!/com/aventstack/extentreports/view/v3html/v3-html-index.ftl"
2021-08-04 17:05:15 DEBUG cache:45 - Couldn't find template in cache for "v3html/v3-html-head.ftl"("en", UTF-8, parsed); will try to load it.
2021-08-04 17:05:15 DEBUG cache:45 - TemplateLoader.findTemplateSource("v3html/v3-html-head_en.ftl"): Not found
2021-08-04 17:05:15 DEBUG cache:45 - TemplateLoader.findTemplateSource("v3html/v3-html-head.ftl"): Found
2021-08-04 17:05:15 DEBUG cache:45 - Loading template for "v3html/v3-html-head.ftl"("en", UTF-8, parsed) from "jar:file:/C:/Users/prasa/.m2/repository/com/aventstack/extentreports/4.0.9/extentreports-4.0.9.jar!/com/aventstack/extentreports/view/v3html/v3-html-head.ftl"
2021-08-04 17:05:15 DEBUG cache:45 - Couldn't find template in cache for "v3html/v3-html-nav.ftl"("en", UTF-8, parsed); will try to load it.
2021-08-04 17:05:15 DEBUG cache:45 - TemplateLoader.findTemplateSource("v3html/v3-html-nav_en.ftl"): Not found
2021-08-04 17:05:15 DEBUG cache:45 - TemplateLoader.findTemplateSource("v3html/v3-html-nav.ftl"): Found
2021-08-04 17:05:15 DEBUG cache:45 - Loading template for "v3html/v3-html-nav.ftl"("en", UTF-8, parsed) from "jar:file:/C:/Users/prasa/.m2/repository/com/aventstack/extentreports/4.0.9/extentreports-4.0.9.jar!/com/aventstack/extentreports/view/v3html/v3-html-nav.ftl"
2021-08-04 17:05:15 DEBUG cache:45 - Couldn't find template in cache for "v3html/test-view/v3-html-test-view.ftl"("en", UTF-8, parsed); will try to load it.
2021-08-04 17:05:15 DEBUG cache:45 - TemplateLoader.findTemplateSource("v3html/test-view/v3-html-test-view_en.ftl"): Not found
2021-08-04 17:05:15 DEBUG cache:45 - TemplateLoader.findTemplateSource("v3html/test-view/v3-html-test-view.ftl"): Found
2021-08-04 17:05:15 DEBUG cache:45 - Loading template for "v3html/test-view/v3-html-test-view.ftl"("en", UTF-8, parsed) from "jar:file:/C:/Users/prasa/.m2/repository/com/aventstack/extentreports/4.0.9/extentreports-4.0.9.jar!/com/aventstack/extentreports/view/v3html/test-view/v3-html-test-view.ftl"
2021-08-04 17:05:15 DEBUG cache:45 - Couldn't find template in cache for "v3html/test-view/v3-html-test-view-charts.ftl"("en", UTF-8, parsed); will try to load it.
2021-08-04 17:05:15 DEBUG cache:45 - TemplateLoader.findTemplateSource("v3html/test-view/v3-html-test-view-charts_en.ftl"): Not found
2021-08-04 17:05:15 DEBUG cache:45 - TemplateLoader.findTemplateSource("v3html/test-view/v3-html-test-view-charts.ftl"): Found
2021-08-04 17:05:15 DEBUG cache:45 - Loading template for "v3html/test-view/v3-html-test-view-charts.ftl"("en", UTF-8, parsed) from "jar:file:/C:/Users/prasa/.m2/repository/com/aventstack/extentreports/4.0.9/extentreports-4.0.9.jar!/com/aventstack/extentreports/view/v3html/test-view/v3-html-test-view-charts.ftl"
2021-08-04 17:05:15 DEBUG cache:45 - Couldn't find template in cache for "v3html/test-view/v3-html-standard.ftl"("en", UTF-8, parsed); will try to load it.
2021-08-04 17:05:15 DEBUG cache:45 - TemplateLoader.findTemplateSource("v3html/test-view/v3-html-standard_en.ftl"): Not found
2021-08-04 17:05:15 DEBUG cache:45 - TemplateLoader.findTemplateSource("v3html/test-view/v3-html-standard.ftl"): Found
2021-08-04 17:05:15 DEBUG cache:45 - Loading template for "v3html/test-view/v3-html-standard.ftl"("en", UTF-8, parsed) from "jar:file:/C:/Users/prasa/.m2/repository/com/aventstack/extentreports/4.0.9/extentreports-4.0.9.jar!/com/aventstack/extentreports/view/v3html/test-view/v3-html-standard.ftl"
2021-08-04 17:05:15 DEBUG cache:45 - "v3html/test-view/v3-html-standard.ftl"("en", UTF-8, parsed) cached copy not yet stale; using cached.
2021-08-04 17:05:15 DEBUG cache:45 - "v3html/test-view/v3-html-standard.ftl"("en", UTF-8, parsed) cached copy not yet stale; using cached.
2021-08-04 17:05:15 DEBUG cache:45 - "v3html/test-view/v3-html-standard.ftl"("en", UTF-8, parsed) cached copy not yet stale; using cached.
2021-08-04 17:05:15 DEBUG cache:45 - "v3html/test-view/v3-html-standard.ftl"("en", UTF-8, parsed) cached copy not yet stale; using cached.
2021-08-04 17:05:15 DEBUG cache:45 - "v3html/test-view/v3-html-standard.ftl"("en", UTF-8, parsed) cached copy not yet stale; using cached.
2021-08-04 17:05:15 DEBUG cache:45 - Couldn't find template in cache for "v3html/category-view/v3-html-category-view.ftl"("en", UTF-8, parsed); will try to load it.
2021-08-04 17:05:15 DEBUG cache:45 - TemplateLoader.findTemplateSource("v3html/category-view/v3-html-category-view_en.ftl"): Not found
2021-08-04 17:05:15 DEBUG cache:45 - TemplateLoader.findTemplateSource("v3html/category-view/v3-html-category-view.ftl"): Found
2021-08-04 17:05:15 DEBUG cache:45 - Loading template for "v3html/category-view/v3-html-category-view.ftl"("en", UTF-8, parsed) from "jar:file:/C:/Users/prasa/.m2/repository/com/aventstack/extentreports/4.0.9/extentreports-4.0.9.jar!/com/aventstack/extentreports/view/v3html/category-view/v3-html-category-view.ftl"
2021-08-04 17:05:15 DEBUG cache:45 - Couldn't find template in cache for "v3html/exception-view/v3-html-exception-view.ftl"("en", UTF-8, parsed); will try to load it.
2021-08-04 17:05:15 DEBUG cache:45 - TemplateLoader.findTemplateSource("v3html/exception-view/v3-html-exception-view_en.ftl"): Not found
2021-08-04 17:05:15 DEBUG cache:45 - TemplateLoader.findTemplateSource("v3html/exception-view/v3-html-exception-view.ftl"): Found
2021-08-04 17:05:15 DEBUG cache:45 - Loading template for "v3html/exception-view/v3-html-exception-view.ftl"("en", UTF-8, parsed) from "jar:file:/C:/Users/prasa/.m2/repository/com/aventstack/extentreports/4.0.9/extentreports-4.0.9.jar!/com/aventstack/extentreports/view/v3html/exception-view/v3-html-exception-view.ftl"
2021-08-04 17:05:15 DEBUG cache:45 - Couldn't find template in cache for "v3html/author-view/v3-html-author-view.ftl"("en", UTF-8, parsed); will try to load it.
2021-08-04 17:05:15 DEBUG cache:45 - TemplateLoader.findTemplateSource("v3html/author-view/v3-html-author-view_en.ftl"): Not found
2021-08-04 17:05:15 DEBUG cache:45 - TemplateLoader.findTemplateSource("v3html/author-view/v3-html-author-view.ftl"): Found
2021-08-04 17:05:15 DEBUG cache:45 - Loading template for "v3html/author-view/v3-html-author-view.ftl"("en", UTF-8, parsed) from "jar:file:/C:/Users/prasa/.m2/repository/com/aventstack/extentreports/4.0.9/extentreports-4.0.9.jar!/com/aventstack/extentreports/view/v3html/author-view/v3-html-author-view.ftl"
2021-08-04 17:05:15 DEBUG cache:45 - Couldn't find template in cache for "v3html/dashboard-view/v3-html-dashboard-view.ftl"("en", UTF-8, parsed); will try to load it.
2021-08-04 17:05:15 DEBUG cache:45 - TemplateLoader.findTemplateSource("v3html/dashboard-view/v3-html-dashboard-view_en.ftl"): Not found
2021-08-04 17:05:15 DEBUG cache:45 - TemplateLoader.findTemplateSource("v3html/dashboard-view/v3-html-dashboard-view.ftl"): Found
2021-08-04 17:05:15 DEBUG cache:45 - Loading template for "v3html/dashboard-view/v3-html-dashboard-view.ftl"("en", UTF-8, parsed) from "jar:file:/C:/Users/prasa/.m2/repository/com/aventstack/extentreports/4.0.9/extentreports-4.0.9.jar!/com/aventstack/extentreports/view/v3html/dashboard-view/v3-html-dashboard-view.ftl"
2021-08-04 17:05:15 DEBUG cache:45 - Couldn't find template in cache for "v3html/logs-view/v3-html-testrunner-logs-view.ftl"("en", UTF-8, parsed); will try to load it.
2021-08-04 17:05:15 DEBUG cache:45 - TemplateLoader.findTemplateSource("v3html/logs-view/v3-html-testrunner-logs-view_en.ftl"): Not found
2021-08-04 17:05:15 DEBUG cache:45 - TemplateLoader.findTemplateSource("v3html/logs-view/v3-html-testrunner-logs-view.ftl"): Found
2021-08-04 17:05:15 DEBUG cache:45 - Loading template for "v3html/logs-view/v3-html-testrunner-logs-view.ftl"("en", UTF-8, parsed) from "jar:file:/C:/Users/prasa/.m2/repository/com/aventstack/extentreports/4.0.9/extentreports-4.0.9.jar!/com/aventstack/extentreports/view/v3html/logs-view/v3-html-testrunner-logs-view.ftl"
